Unity Editor version:    2020.3.27f1 (e759542391ea)
Branch:                  2020.3/release
Build type:              Release
Batch mode:              YES
macOS version:           Version 11.6 (Build 20G165)
Darwin version:          20.6.0
Architecture:            x86_64
Running under Rosetta:   NO
Available memory:        16384 MB
Using pre-set license
Pro License: NO

COMMAND LINE ARGUMENTS:
/Applications/Unity/Hub/Editor/2020.3.27f1/Unity.app/Contents/MacOS/Unity
-adb2
-batchMode
-noUpm
-name
AssetImportWorker0
-projectPath
/Users/davidrizko/Documents/GitHub/ICS161/Prototype
-logFile
Logs/AssetImportWorker0.log
-srvPort
62994
Successfully changed project path to: /Users/davidrizko/Documents/GitHub/ICS161/Prototype
/Users/davidrizko/Documents/GitHub/ICS161/Prototype
Using Asset Import Pipeline V2.
Refreshing native plugins compatible for Editor in 55.30 ms, found 2 plugins.
Preloading 0 native plugins for Editor in 0.00 ms.
Initialize engine version: 2020.3.27f1 (e759542391ea)
[Subsystems] Discovering subsystems at path /Applications/Unity/Hub/Editor/2020.3.27f1/Unity.app/Contents/Resources/UnitySubsystems
[Subsystems] Discovering subsystems at path /Users/davidrizko/Documents/GitHub/ICS161/Prototype/Assets
GfxDevice: creating device client; threaded=0
2022-05-31 19:08:15.753 Unity[77480:5412432] Color LCD preferred device: Intel(R) Iris(TM) Plus Graphics (low power)
2022-05-31 19:08:15.753 Unity[77480:5412432] Metal devices available: 1
2022-05-31 19:08:15.753 Unity[77480:5412432] 0: Intel(R) Iris(TM) Plus Graphics (low power)
2022-05-31 19:08:15.754 Unity[77480:5412432] Using device Intel(R) Iris(TM) Plus Graphics (low power)
Initializing Metal device caps: Intel(R) Iris(TM) Plus Graphics
Initialize mono
Mono path[0] = '/Applications/Unity/Hub/Editor/2020.3.27f1/Unity.app/Contents/Managed'
Mono path[1] = '/Applications/Unity/Hub/Editor/2020.3.27f1/Unity.app/Contents/MonoBleedingEdge/lib/mono/unityjit'
Mono config path = '/Applications/Unity/Hub/Editor/2020.3.27f1/Unity.app/Contents/MonoBleedingEdge/etc'
Using monoOptions --debugger-agent=transport=dt_socket,embedding=1,server=y,suspend=n,address=127.0.0.1:56480
Begin MonoManager ReloadAssembly
Registering precompiled unity dll's ...
Register platform support module: /Applications/Unity/Hub/Editor/2020.3.27f1/Unity.app/Contents/PlaybackEngines/MacStandaloneSupport/UnityEditor.OSXStandalone.Extensions.dll
Registered in 0.003144 seconds.
Native extension for OSXStandalone target not found
Refreshing native plugins compatible for Editor in 40.61 ms, found 2 plugins.
Preloading 0 native plugins for Editor in 0.00 ms.
Mono: successfully reloaded assembly
- Completed reload, in  0.829 seconds
Domain Reload Profiling:
	ReloadAssembly (830ms)
		BeginReloadAssembly (136ms)
			ExecutionOrderSort (0ms)
			DisableScriptedObjects (0ms)
			BackupInstance (0ms)
			ReleaseScriptingObjects (0ms)
			CreateAndSetChildDomain (1ms)
		EndReloadAssembly (596ms)
			LoadAssemblies (138ms)
			RebuildTransferFunctionScriptingTraits (0ms)
			SetupTypeCache (221ms)
			ReleaseScriptCaches (0ms)
			RebuildScriptCaches (52ms)
			SetupLoadedEditorAssemblies (213ms)
				LogAssemblyErrors (0ms)
				InitializePlatformSupportModulesInManaged (5ms)
				SetLoadedEditorAssemblies (0ms)
				RefreshPlugins (41ms)
				BeforeProcessingInitializeOnLoad (9ms)
				ProcessInitializeOnLoadAttributes (121ms)
				ProcessInitializeOnLoadMethodAttributes (37ms)
				AfterProcessingInitializeOnLoad (0ms)
				EditorAssembliesLoaded (0ms)
			ExecutionOrderSort2 (0ms)
			AwakeInstancesAfterBackupRestoration (0ms)
Platform modules already initialized, skipping
Registering precompiled user dll's ...
Registered in 0.010644 seconds.
Begin MonoManager ReloadAssembly
Native extension for OSXStandalone target not found
Refreshing native plugins compatible for Editor in 0.36 ms, found 2 plugins.
Preloading 0 native plugins for Editor in 0.00 ms.
Mono: successfully reloaded assembly
- Completed reload, in  1.303 seconds
Domain Reload Profiling:
	ReloadAssembly (1305ms)
		BeginReloadAssembly (188ms)
			ExecutionOrderSort (0ms)
			DisableScriptedObjects (5ms)
			BackupInstance (0ms)
			ReleaseScriptingObjects (0ms)
			CreateAndSetChildDomain (42ms)
		EndReloadAssembly (1033ms)
			LoadAssemblies (120ms)
			RebuildTransferFunctionScriptingTraits (0ms)
			SetupTypeCache (373ms)
			ReleaseScriptCaches (0ms)
			RebuildScriptCaches (57ms)
			SetupLoadedEditorAssemblies (350ms)
				LogAssemblyErrors (0ms)
				InitializePlatformSupportModulesInManaged (5ms)
				SetLoadedEditorAssemblies (1ms)
				RefreshPlugins (0ms)
				BeforeProcessingInitializeOnLoad (56ms)
				ProcessInitializeOnLoadAttributes (268ms)
				ProcessInitializeOnLoadMethodAttributes (17ms)
				AfterProcessingInitializeOnLoad (2ms)
				EditorAssembliesLoaded (0ms)
			ExecutionOrderSort2 (0ms)
			AwakeInstancesAfterBackupRestoration (8ms)
Platform modules already initialized, skipping
Validating Project structure ... 0.008493 seconds.
Shader import version has changed; will reimport all shaders...
Upgrading shader files ...0.010860 seconds.
Application.AssetDatabase Initial Script Refresh Start
RefreshInfo: InitialScriptRefreshV2(NoUpdateAssetOptions) scanfilter:  ... 1 filters
RefreshProfiler: Total: 0.000ms
Application.AssetDatabase Initial Script Refresh End
Application.AssetDatabase.Refresh Start
Application.AssetDatabase.Refresh End
RefreshInfo: StopAssetImportingV2(ForceSynchronousImport) scanfilter: 
RefreshProfiler: Total: 0.000ms
Launching external process: /Applications/Unity/Hub/Editor/2020.3.27f1/Unity.app/Contents/Tools/UnityShaderCompiler
Launched and connected shader compiler UnityShaderCompiler after 0.02 seconds
Initializing Unity extensions:
[C# Project] Writing /Users/davidrizko/Documents/GitHub/ICS161/Prototype/Prototype.sln because it has changed
[C# Project] First difference on line 4

[C# Project] Current /Users/davidrizko/Documents/GitHub/ICS161/Prototype/Prototype.sln:
[C# Project]   004: Project("{FAE04EC0-301F-11D3-BF4B-00C04F79EFBC}") = "Assembly-CSharp", "Assembly-CSharp.csproj", "{B1235EE4-71EE-C815-28F8-C3378E5ADB84}"
[C# Project]   005: EndProject
[C# Project]   006: Global
[C# Project]   007: 	GlobalSection(SolutionConfigurationPlatforms) = preSolution
[C# Project]   008: 		Debug|Any CPU = Debug|Any CPU

[C# Project] New /Users/davidrizko/Documents/GitHub/ICS161/Prototype/Prototype.sln:
[C# Project]   004: Project("{FAE04EC0-301F-11D3-BF4B-00C04F79EFBC}") = "UnityEngine.TestRunner", "UnityEngine.TestRunner.csproj", "{1A254F5E-8170-0575-2024-FFCA72E27D3A}"
[C# Project]   005: EndProject
[C# Project]   006: Project("{FAE04EC0-301F-11D3-BF4B-00C04F79EFBC}") = "UnityEngine.UI.Tests", "UnityEngine.UI.Tests.csproj", "{852763B8-BEE3-4A6E-9C41-F7F37373CF3A}"
[C# Project]   007: EndProject
[C# Project]   008: Project("{FAE04EC0-301F-11D3-BF4B-00C04F79EFBC}") = "Unity.Timeline", "Unity.Timeline.csproj", "{B4F269FE-4B48-963C-D4CD-095ADA2FB4A3}"
[C# Project] Writing /Users/davidrizko/Documents/GitHub/ICS161/Prototype/Assembly-CSharp.csproj because it has changed
[C# Project] First difference on line 628

[C# Project] Current /Users/davidrizko/Documents/GitHub/ICS161/Prototype/Assembly-CSharp.csproj:
[C# Project]   628:  <Reference Include="Unity.VSCode.Editor">
[C# Project]   629:  <HintPath>/Users/davidrizko/Documents/GitHub/ICS161/Prototype/Library/ScriptAssemblies/Unity.VSCode.Editor.dll</HintPath>
[C# Project]   630:  </Reference>
[C# Project]   631:  <Reference Include="Unity.TextMeshPro.Editor">
[C# Project]   632:  <HintPath>/Users/davidrizko/Documents/GitHub/ICS161/Prototype/Library/ScriptAssemblies/Unity.TextMeshPro.Editor.dll</HintPath>

[C# Project] New /Users/davidrizko/Documents/GitHub/ICS161/Prototype/Assembly-CSharp.csproj:
[C# Project]   628:   </ItemGroup>
[C# Project]   629:   <ItemGroup>
[C# Project]   630:     <ProjectReference Include="Unity.VSCode.Editor.csproj">
[C# Project]   631:       <Project>{F0F413FA-33B1-6A92-BE2E-5BBEBEA05FF4}</Project>
[C# Project]   632:       <Name>Unity.VSCode.Editor</Name>
========================================================================
Worker process is ready to serve import requests
Refreshing native plugins compatible for Editor in 0.48 ms, found 2 plugins.
Preloading 0 native plugins for Editor in 0.00 ms.
Unloading 1509 Unused Serialized files (Serialized files now loaded: 0)
System memory in use before: 182.9 MB.
System memory in use after: 182.1 MB.

Unloading 83 unused Assets to reduce memory usage. Loaded Objects now: 1990.
Total: 2.984117 ms (FindLiveObjects: 0.194454 ms CreateObjectMapping: 0.075877 ms MarkObjects: 2.236506 ms  DeleteObjects: 0.476218 ms)

AssetImportParameters requested are different than current active one (requested -> active):
  custom:video-decoder-ogg-theora: a1e56fd34408186e4bbccfd4996cb3dc -> 
  custom:container-muxer-webm: aa71ff27fc2769a1b78a27578f13a17b -> 
  custom:container-demuxer-webm: 4f35f7cbe854078d1ac9338744f61a02 -> 
  custom:container-demuxer-ogg: 62fdf1f143b41e24485cea50d1cbac27 -> 
  custom:video-encoder-webm-vp8: eb34c28f22e8b96e1ab97ce403110664 -> 
  custom:framework-osx-AVFoundation: e770b220cccbd017edd2c1fefb359320 -> 
  custom:video-decoder-webm-vp8: 9c59270c3fd7afecdb556c50c9e8de78 -> 
  custom:audio-decoder-ogg-vorbis: bf7c407c2cedff20999df2af8eb42d56 -> 
  custom:audio-encoder-webm-vorbis: bf7c407c2cedff20999df2af8eb42d56 -> 
========================================================================
Received Import Request.
  path: Assets/Prefab/TextureHaven/bricks_4k/bricks_4k_materials
  artifactKey: Guid(6a21eadbbf6d5d4428b2b48eda10a2a7) Importer(815301076,1909f56bfc062723c751e8b465ee728b)
Start importing Assets/Prefab/TextureHaven/bricks_4k/bricks_4k_materials using Guid(6a21eadbbf6d5d4428b2b48eda10a2a7) Importer(815301076,1909f56bfc062723c751e8b465ee728b)  -> (artifact id: '299e94c312f5c96cb51316e5e1663b74') in 0.011880 seconds 
  Import took 0.018310 seconds .

========================================================================
Received Import Request.
  Time since last request: 0.000445 seconds.
  path: Assets/Prefab/TextureHaven/bricks_4k
  artifactKey: Guid(e338cea94cf384941a7d6864c3479d32) Importer(815301076,1909f56bfc062723c751e8b465ee728b)
Start importing Assets/Prefab/TextureHaven/bricks_4k using Guid(e338cea94cf384941a7d6864c3479d32) Importer(815301076,1909f56bfc062723c751e8b465ee728b)  -> (artifact id: '74a06fb87fd941d6055de9d0fd34d2af') in 0.001184 seconds 
  Import took 0.004189 seconds .

========================================================================
Received Import Request.
  Time since last request: 0.000498 seconds.
  path: Assets/Prefab/TextureHaven/bricks_4k/bricks_4k_textures
  artifactKey: Guid(cf2304a4e20fe5c4b99be5e3d9f0cc72) Importer(815301076,1909f56bfc062723c751e8b465ee728b)
Start importing Assets/Prefab/TextureHaven/bricks_4k/bricks_4k_textures using Guid(cf2304a4e20fe5c4b99be5e3d9f0cc72) Importer(815301076,1909f56bfc062723c751e8b465ee728b)  -> (artifact id: 'a0517003f8632931d4df89aeafa78f60') in 0.001702 seconds 
  Import took 0.005659 seconds .

